2018-11-10 02:18:57 [scrapy.utils.log] INFO: Scrapy 1.5.1 started (bot: scrapy_app)
2018-11-10 02:18:57 [scrapy.utils.log] INFO: Versions: lxml 4.2.5.0, libxml2 2.9.5, cssselect 1.0.3, parsel 1.5.1, w3lib 1.19.0, Twisted 18.9.0, Python 3.7.1 (v3.7.1:260ec2c36a, Oct 20 2018, 14:05:16) [MSC v.1915 32 bit (Intel)], pyOpenSSL 18.0.0 (OpenSSL 1.1.0i  14 Aug 2018), cryptography 2.3.1, Platform Windows-10-10.0.10240-SP0
2018-11-10 02:18:57 [scrapy.crawler] INFO: Overridden settings: {'BOT_NAME': 'scrapy_app', 'LOG_FILE': 'logs\\scrapy_app\\autoreport\\077d895ae4d211e8949f005056c00008.log', 'NEWSPIDER_MODULE': 'scrapy_app.spiders', 'ROBOTSTXT_OBEY': True, 'SPIDER_MODULES': ['scrapy_app.spiders']}
2018-11-10 02:18:57 [scrapy.middleware] INFO: Enabled extensions:
['scrapy.extensions.corestats.CoreStats',
 'scrapy.extensions.telnet.TelnetConsole',
 'scrapy.extensions.logstats.LogStats']
2018-11-10 02:18:57 [twisted] CRITICAL: Unhandled error in Deferred:
2018-11-10 02:18:57 [twisted] CRITICAL: 
Traceback (most recent call last):
  File "c:\users\homepc\appdata\local\programs\python\python37-32\lib\site-packages\twisted\internet\defer.py", line 1418, in _inlineCallbacks
    result = g.send(result)
  File "c:\users\homepc\appdata\local\programs\python\python37-32\lib\site-packages\scrapy\crawler.py", line 79, in crawl
    self.spider = self._create_spider(*args, **kwargs)
  File "c:\users\homepc\appdata\local\programs\python\python37-32\lib\site-packages\scrapy\crawler.py", line 102, in _create_spider
    return self.spidercls.from_crawler(self, *args, **kwargs)
  File "c:\users\homepc\appdata\local\programs\python\python37-32\lib\site-packages\scrapy\spiders\crawl.py", line 100, in from_crawler
    spider = super(CrawlSpider, cls).from_crawler(crawler, *args, **kwargs)
  File "c:\users\homepc\appdata\local\programs\python\python37-32\lib\site-packages\scrapy\spiders\__init__.py", line 51, in from_crawler
    spider = cls(*args, **kwargs)
TypeError: __init__() got an unexpected keyword argument '_job'
